# hmmsearch :: search profile(s) against a sequence database
# HMMER 3.0 (March 2010); http://hmmer.org/
# Copyright (C) 2010 Howard Hughes Medical Institute.
# Freely distributed under the GNU General Public License (GPLv3).
# - - - - - - - - - - - - - - - - - - - - - - - - - - - - - - - - - - - -
# query HMM file:                  /Users/bosco/Dropbox/inmembrane/hmm_profiles/PG_bind_1_ls.hmm
# target sequence database:        input.fasta
# sequence reporting threshold:    E-value <= 10
# sequence search space set to:    2000
# - - - - - - - - - - - - - - - - - - - - - - - - - - - - - - - - - - - -

Query:       PG_binding_1  [M=70]
Accession:   PF01471.9
Description: Putative peptidoglycan binding domain
Scores for complete sequences (score includes all domains):
   --- full sequence ---   --- best 1 domain ---    -#dom-
    E-value  score  bias    E-value  score  bias    exp  N  Sequence Description
    ------- ------ -----    ------- ------ -----   ---- --  -------- -----------
  ------ inclusion threshold ------
      0.037   10.7   0.3      0.079    9.6   0.2    1.5  1  SPy_0329 from AE004092


Domain annotation for each sequence (and alignments):
>> SPy_0329  from AE004092
   #    score  bias  c-Evalue  i-Evalue hmmfrom  hmm to    alifrom  ali to    envfrom  env to     acc
 ---   ------ ----- --------- --------- ------- -------    ------- -------    ------- -------    ----
   1 ?    9.6   0.2   3.9e-05     0.079      32      47 ..     138     154 ..     124     156 .. 0.84

  Alignments for each domain:
  == domain 1    score: 9.6 bits;  conditional E-value: 3.9e-05
  PG_binding_1  32 vDGyfGp.TeeAVkaFQ 47 
                     G+f+  T++AV ++Q
      SPy_0329 138 FRGQFDVvTARAVARMQ 154
                   449************** PP



Internal pipeline statistics summary:
-------------------------------------
Query model(s):                            1  (70 nodes)
Target sequences:                       1696  (515585 residues)
Passed MSV filter:                        71  (0.0418632); expected 33.9 (0.02)
Passed bias filter:                       71  (0.0418632); expected 33.9 (0.02)
Passed Vit filter:                        17  (0.0100236); expected 1.7 (0.001)
Passed Fwd filter:                         1  (0.000589623); expected 0.0 (1e-05)
Initial search space (Z):               2000  [as set by --Z on cmdline]
Domain search space  (domZ):               1  [number of targets reported over threshold]
# CPU time: 0.03u 0.00s 00:00:00.03 Elapsed: 00:00:00.01
# Mc/sec: 3609.09
//
