# hmmsearch :: search profile(s) against a sequence database
# HMMER 3.0 (March 2010); http://hmmer.org/
# Copyright (C) 2010 Howard Hughes Medical Institute.
# Freely distributed under the GNU General Public License (GPLv3).
# - - - - - - - - - - - - - - - - - - - - - - - - - - - - - - - - - - - -
# query HMM file:                  /Users/bosco/Dropbox/inmembrane/hmm_profiles/SLH_ls.hmm
# target sequence database:        input.fasta
# sequence reporting threshold:    E-value <= 10
# sequence search space set to:    2000
# - - - - - - - - - - - - - - - - - - - - - - - - - - - - - - - - - - - -

Query:       SLH  [M=44]
Accession:   PF00395.11
Description: S-layer homology domain
Scores for complete sequences (score includes all domains):
   --- full sequence ---   --- best 1 domain ---    -#dom-
    E-value  score  bias    E-value  score  bias    exp  N  Sequence  Description
    ------- ------ -----    ------- ------ -----   ---- --  --------  -----------
  ------ inclusion threshold ------
      0.015   11.8   0.0      0.019   11.4   0.0    1.2  1  SPy_0191a from AE004092


Domain annotation for each sequence (and alignments):
>> SPy_0191a  from AE004092
   #    score  bias  c-Evalue  i-Evalue hmmfrom  hmm to    alifrom  ali to    envfrom  env to     acc
 ---   ------ ----- --------- --------- ------- -------    ------- -------    ------- -------    ----
   1 ?   11.4   0.0   9.6e-06     0.019       2      24 ..      30      53 ..      29      54 .. 0.96

  Alignments for each domain:
  == domain 1    score: 11.4 bits;  conditional E-value: 9.6e-06
        SLH  2 FsDvpkt.hWakdaInaLvklGii 24
               F Dv+++ +   + ++ L ++Gi+
  SPy_0191a 30 FLDVQSDeDFGFKVVKVLKSKGIV 53
               89*********************8 PP



Internal pipeline statistics summary:
-------------------------------------
Query model(s):                            1  (44 nodes)
Target sequences:                       1696  (515585 residues)
Passed MSV filter:                        69  (0.040684); expected 33.9 (0.02)
Passed bias filter:                       69  (0.040684); expected 33.9 (0.02)
Passed Vit filter:                        13  (0.00766509); expected 1.7 (0.001)
Passed Fwd filter:                         1  (0.000589623); expected 0.0 (1e-05)
Initial search space (Z):               2000  [as set by --Z on cmdline]
Domain search space  (domZ):               1  [number of targets reported over threshold]
# CPU time: 0.01u 0.00s 00:00:00.01 Elapsed: 00:00:00.01
# Mc/sec: 2268.57
//
