# hmmsearch :: search profile(s) against a sequence database
# HMMER 3.0 (March 2010); http://hmmer.org/
# Copyright (C) 2010 Howard Hughes Medical Institute.
# Freely distributed under the GNU General Public License (GPLv3).
# - - - - - - - - - - - - - - - - - - - - - - - - - - - - - - - - - - - -
# query HMM file:                  /Users/bosco/Dropbox/inmembrane/hmm_profiles/LysM_ls.hmm
# target sequence database:        input.fasta
# sequence reporting threshold:    E-value <= 10
# sequence search space set to:    2000
# - - - - - - - - - - - - - - - - - - - - - - - - - - - - - - - - - - - -

Query:       LysM  [M=44]
Accession:   PF01476.11
Description: LysM domain
Scores for complete sequences (score includes all domains):
   --- full sequence ---   --- best 1 domain ---    -#dom-
    E-value  score  bias    E-value  score  bias    exp  N  Sequence Description
    ------- ------ -----    ------- ------ -----   ---- --  -------- -----------
    7.5e-10   35.5   0.0    1.5e-09   34.5   0.0    1.5  1  SPy_0469 from AE004092
    0.00012   18.7   0.1    0.00031   17.4   0.0    1.7  1  SPy_0802 from AE004092
  ------ inclusion threshold ------
      0.043   10.5   0.1       0.19    8.4   0.0    1.9  2  SPy_1485 from AE004092
      0.046   10.4   0.0       0.12    9.0   0.0    1.7  1  SPy_2111 from AE004092


Domain annotation for each sequence (and alignments):
>> SPy_0469  from AE004092
   #    score  bias  c-Evalue  i-Evalue hmmfrom  hmm to    alifrom  ali to    envfrom  env to     acc
 ---   ------ ----- --------- --------- ------- -------    ------- -------    ------- -------    ----
   1 !   34.5   0.0     3e-12   1.5e-09       1      42 [.      49      90 ..      49      91 .. 0.97

  Alignments for each domain:
  == domain 1    score: 34.5 bits;  conditional E-value: 3e-12
      LysM  1 YtVkkGDTLwsIArkygvsvseLaelNpgLsspn.lyvGQkLk 42
              YtVk GDTL+ IA + g++v  L ++N ++++ + +++   L+
  SPy_0469 49 YTVKYGDTLSTIAEAMGIDVHVLGDIN-HIANIDlIFPDTILT 90
              9**************************.**********99885 PP

>> SPy_0802  from AE004092
   #    score  bias  c-Evalue  i-Evalue hmmfrom  hmm to    alifrom  ali to    envfrom  env to     acc
 ---   ------ ----- --------- --------- ------- -------    ------- -------    ------- -------    ----
   1 !   17.4   0.0   6.2e-07   0.00031      11      28 ..     122     139 ..     108     141 .. 0.93

  Alignments for each domain:
  == domain 1    score: 17.4 bits;  conditional E-value: 6.2e-07
      LysM  11 sIArkygvsvseLaelNp 28 
               sIA++ g+sv++L++lNp
  SPy_0802 122 SIAARAGISVEQLQALNP 139
               8****************7 PP

>> SPy_1485  from AE004092
   #    score  bias  c-Evalue  i-Evalue hmmfrom  hmm to    alifrom  ali to    envfrom  env to     acc
 ---   ------ ----- --------- --------- ------- -------    ------- -------    ------- -------    ----
   1 ?   -0.2   0.0      0.18        91      12      19 ..      19      26 ..       9      33 .. 0.59
   2 ?    8.4   0.0   0.00038      0.19       5      27 ..      41      63 ..      40      66 .. 0.93

  Alignments for each domain:
  == domain 1    score: -0.2 bits;  conditional E-value: 0.18
      LysM 12 IArkygvs 19
              +A+  gv+
  SPy_1485 19 LAKELGVT 26
              45555555 PP

  == domain 2    score: 8.4 bits;  conditional E-value: 0.00038
      LysM  5 kGDTLwsIArkygvsvseLaelN 27
              +G+ L s+A  ++vs ++++ +N
  SPy_1485 41 SGEYLISLALFFDVSTDDILGIN 63
              7999****************999 PP

>> SPy_2111  from AE004092
   #    score  bias  c-Evalue  i-Evalue hmmfrom  hmm to    alifrom  ali to    envfrom  env to     acc
 ---   ------ ----- --------- --------- ------- -------    ------- -------    ------- -------    ----
   1 ?    9.0   0.0   0.00024      0.12      25      42 ..      60      76 ..      60      76 .. 0.91

  Alignments for each domain:
  == domain 1    score: 9.0 bits;  conditional E-value: 0.00024
      LysM 25 elNpgLsspnlyvGQkLk 42
              ++N gL+s+nly+G+ L+
  SPy_2111 60 AAN-GLQSQNLYIGMMLT 76
              58*.**********9985 PP



Internal pipeline statistics summary:
-------------------------------------
Query model(s):                            1  (44 nodes)
Target sequences:                       1696  (515585 residues)
Passed MSV filter:                        83  (0.0489387); expected 33.9 (0.02)
Passed bias filter:                       83  (0.0489387); expected 33.9 (0.02)
Passed Vit filter:                        25  (0.0147406); expected 1.7 (0.001)
Passed Fwd filter:                         4  (0.00235849); expected 0.0 (1e-05)
Initial search space (Z):               2000  [as set by --Z on cmdline]
Domain search space  (domZ):               4  [number of targets reported over threshold]
# CPU time: 0.02u 0.00s 00:00:00.02 Elapsed: 00:00:00.01
# Mc/sec: 2268.57
//
