# hmmsearch :: search profile(s) against a sequence database
# HMMER 3.0 (March 2010); http://hmmer.org/
# Copyright (C) 2010 Howard Hughes Medical Institute.
# Freely distributed under the GNU General Public License (GPLv3).
# - - - - - - - - - - - - - - - - - - - - - - - - - - - - - - - - - - - -
# query HMM file:                  /Users/bosco/Dropbox/inmembrane/hmm_profiles/GW1.hmm
# target sequence database:        input.fasta
# sequence reporting threshold:    E-value <= 10
# sequence search space set to:    2000
# - - - - - - - - - - - - - - - - - - - - - - - - - - - - - - - - - - - -

Query:       0040855  [M=75]
Accession:   0040855
Description: GW domain
Scores for complete sequences (score includes all domains):
   --- full sequence ---   --- best 1 domain ---    -#dom-
    E-value  score  bias    E-value  score  bias    exp  N  Sequence Description
    ------- ------ -----    ------- ------ -----   ---- --  -------- -----------
     0.0017   15.6   0.1     0.0074   13.5   0.1    2.2  1  SPy_0012 from AE004092
     0.0096   13.2   0.0      0.026   11.8   0.0    1.7  1  SPy_0406 from AE004092


Domain annotation for each sequence (and alignments):
>> SPy_0012  from AE004092
   #    score  bias  c-Evalue  i-Evalue hmmfrom  hmm to    alifrom  ali to    envfrom  env to     acc
 ---   ------ ----- --------- --------- ------- -------    ------- -------    ------- -------    ----
   1 !   13.5   0.1   7.4e-06    0.0074      18      72 ..     130     183 ..     115     186 .. 0.78

  Alignments for each domain:
  == domain 1    score: 13.5 bits;  conditional E-value: 7.4e-06
   0040855  18 kgnavyslPyetsgakvgtlskYkgkklkilreaktegglWyqlkviGWvdakal 72 
               k+  +ys+Py   + ++ +      +k+  ++ a+t++g++y ++  GW ++++l
  SPy_0012 130 KKLRLYSAPYVLGTQTIPSSFL-FAQKVHATQMAQTNHGTYYLIDDKGWASQEDL 183
               5566888898877766555444.45679999*******************99987 PP

>> SPy_0406  from AE004092
   #    score  bias  c-Evalue  i-Evalue hmmfrom  hmm to    alifrom  ali to    envfrom  env to     acc
 ---   ------ ----- --------- --------- ------- -------    ------- -------    ------- -------    ----
   1 !   11.8   0.0   2.6e-05     0.026      18      53 ..     166     201 ..     155     210 .. 0.89

  Alignments for each domain:
  == domain 1    score: 11.8 bits;  conditional E-value: 2.6e-05
   0040855  18 kgnavyslPyetsgakvgtlskYkgkklkilreakt 53 
               +++++y+ Py+ +++ ++ l+ Y ++++ ++re + 
  SPy_0406 166 ETQMFYESPYRIKDTLTNMLACYGDRQVVLVRELTK 201
               799*****************************9875 PP



Internal pipeline statistics summary:
-------------------------------------
Query model(s):                            1  (75 nodes)
Target sequences:                       1696  (515585 residues)
Passed MSV filter:                        49  (0.0288915); expected 33.9 (0.02)
Passed bias filter:                       49  (0.0288915); expected 33.9 (0.02)
Passed Vit filter:                         8  (0.00471698); expected 1.7 (0.001)
Passed Fwd filter:                         2  (0.00117925); expected 0.0 (1e-05)
Initial search space (Z):               2000  [as set by --Z on cmdline]
Domain search space  (domZ):               2  [number of targets reported over threshold]
# CPU time: 0.02u 0.00s 00:00:00.02 Elapsed: 00:00:00.01
# Mc/sec: 3866.89
//
